<?xml version="1.0" encoding="UTF-8"?>
<!-- Generated by org.testng.reporters.JUnitXMLReporter -->
<testsuite ignored="0" hostname="DESKTOP-HC30G76" failures="0" tests="3" name="Default test" time="16.259" errors="0" timestamp="2023-12-04T18:16:03 EET">
  <testcase classname="assertion.aasert1" name="Contact" time="7.358"/>
  <testcase classname="assertion.aasert1" name="LogoutTest" time="2.378"/>
  <testcase classname="assertion.aasert1" name="LoginTest" time="4.014"/>
</testsuite> <!-- Default test -->
